<?xml version="1.0" encoding="UTF-8"?>
<testng-results skipped="0" failed="0" total="1" passed="1">
  <reporter-output>
  </reporter-output>
  <suite name="Suite" duration-ms="50" started-at="2016-03-29T09:05:04Z" finished-at="2016-03-29T09:05:04Z">
    <groups>
    </groups>
    <test name="Test" duration-ms="50" started-at="2016-03-29T09:05:04Z" finished-at="2016-03-29T09:05:04Z">
      <class name="testcase.Test0329hhh">
        <test-method status="PASS" signature="f()[pri:0, instance:testcase.Test0329hhh@4a5a1ce4]" name="f" duration-ms="11" started-at="2016-03-29T17:05:04Z" finished-at="2016-03-29T17:05:04Z">
          <reporter-output>
          </reporter-output>
        </test-method> <!-- f -->
      </class> <!-- testcase.Test0329hhh -->
    </test> <!-- Test -->
  </suite> <!-- Suite -->
</testng-results>
